[ 2017-08-11T16:48:35+08:00 ] 127.0.0.1 /platform/index.php/Admin/
INFO: [ app_init ] --START--
INFO: Run Behavior\BuildLiteBehavior [ RunTime:0.000007s ]
INFO: [ app_init ] --END-- [ RunTime:0.000279s ]
ERR: 无法加载模块:Admin

[ 2017-08-11T17:36:44+08:00 ] 127.0.0.1 /platform/admin.php/userModel
INFO: [ app_init ] --START--
INFO: Run Behavior\BuildLiteBehavior [ RunTime:0.000015s ]
INFO: [ app_init ] --END-- [ RunTime:0.000582s ]
ERR: 无法加载模块:UserModel

[ 2017-08-11T17:36:53+08:00 ] 127.0.0.1 /platform/admin.php/Login/userModel
INFO: [ app_init ] --START--
INFO: Run Behavior\BuildLiteBehavior [ RunTime:0.000008s ]
INFO: [ app_init ] --END-- [ RunTime:0.000245s ]
ERR: 无法加载模块:Login

[ 2017-08-11T17:37:14+08:00 ] 127.0.0.1 /platform/admin.php/userModel
INFO: [ app_init ] --START--
INFO: Run Behavior\BuildLiteBehavior [ RunTime:0.000008s ]
INFO: [ app_init ] --END-- [ RunTime:0.000260s ]
ERR: 无法加载模块:UserModel

